<?xml version="1.0" encoding="UTF-8"?>
<!-- Generated by org.testng.reporters.JUnitXMLReporter -->
<testsuite ignored="0" hostname="LAPTOP-DK38VD03" failures="0" tests="3" name="Jenkins-SeleniumDemo" time="10.458" errors="0" timestamp="2023-10-11T15:05:07 IST">
  <testcase classname="com.app.jenkinsdemo.TestJenkinsDemo$BeforeAfterClass" name="GetTitle" time="0.011"/>
  <testcase classname="com.app.jenkinsdemo.TestJenkinsDemo$BeforeAfterClass" name="login" time="3.792"/>
  <testcase classname="com.app.jenkinsdemo.TestJenkinsDemo$BeforeAfterClass" name="logout" time="1.85"/>
</testsuite> <!-- Jenkins-SeleniumDemo -->
